[     903ms] [LOG] Firebase config: {authDomain: organizer-85045.firebaseapp.com, projectId: organizer-85045, storageBucket: organizer-85045.firebasestorage.app, messagingSenderId: 798140005744, measurementId: G-8N4JMBVHNY} @ http://localhost:3000/_nuxt/plugins/firebase.ts:22
[     904ms] [WARNING] [2026-04-04T19:27:39.019Z]  @firebase/firestore: Firestore (9.23.0): enableIndexedDbPersistence() will be deprecated in the future, you can use `FirestoreSettings.cache` instead. @ http://localhost:3000/_nuxt/node_modules/.cache/vite/client/deps/chunk-VSCDMDJU.js?v=0103adaa:1053
[     931ms] [LOG] ✨ %cNuxt DevTools %c Press Shift + Option + D to open DevTools color: black; border-radius: 3px 0 0 3px; padding: 2px 2px 1px 10px; background: #00DC82 border-radius: 0 3px 3px 0; padding: 2px 10px 1px 2px; background: #00DC8220  @ http://localhost:3000/_nuxt/node_modules/@nuxt/devtools/dist/runtime/plugins/devtools.client.js?v=0103adaa:51
[     963ms] [LOG] Firestore offline persistence enabled @ http://localhost:3000/_nuxt/plugins/firebase.ts:84
[     963ms] [LOG] Firebase initialized successfully @ http://localhost:3000/_nuxt/plugins/firebase.ts:98
[     963ms] [LOG] Pinia persistence plugin initialized with date reviving @ http://localhost:3000/_nuxt/plugins/pinia-persistence.ts:5
[     963ms] [LOG] OIDC logging enabled in development mode @ http://localhost:3000/_nuxt/plugins/oidc.ts:7
[     963ms] [LOG] Silent renew helper would be available at: /oidc-silent-renew.html @ http://localhost:3000/_nuxt/plugins/oidc.ts:30
[     963ms] [LOG] OIDC plugin initialized @ http://localhost:3000/_nuxt/plugins/oidc.ts:33
[     964ms] [INFO] <Suspense> is an experimental feature and its API will likely change. @ http://localhost:3000/_nuxt/node_modules/@vue/runtime-core/dist/runtime-core.esm-bundler.js?v=0103adaa:7208
[    1349ms] [VERBOSE] [DOM] Input elements should have autocomplete attributes (suggested: "current-password"): (More info: https://goo.gl/9p2vKq) %o @ http://localhost:3000/auth/login:0
[   72669ms] [ERROR] Failed to load resource: the server responded with a status of 404 () @ https://organizer-85045.firebaseapp.com/favicon.ico:0
[   73006ms] [ERROR] Failed to load resource: the server responded with a status of 404 () @ https://organizer-85045.firebaseapp.com/__/firebase/init.json:0
[   73720ms] [VERBOSE] [DOM] Password field is not contained in a form: (More info: https://goo.gl/9p2vKq) %o @ https://accounts.google.com/v3/signin/identifier?opparams=%253Fcontext_uri%253Dhttp%25253A%25252F%25252Flocalhost%25253A3000&dsh=S1110579966%3A1775330931624434&client_id=798140005744-d1placoldbonqrrbdk0649o6kqrdhhil.apps.googleusercontent.com&o2v=1&redirect_uri=https%3A%2F%2Forganizer-85045.firebaseapp.com%2F__%2Fauth%2Fhandler&response_type=code&scope=openid+https%3A%2F%2Fwww.googleapis.com%2Fauth%2Fuserinfo.email+profile&service=lso&state=AMbdmDkG9HnOpHW662jtjtLerT-FsoqAlFDLhtFmXM9_Hq5l1-PMsLIS6rW5XhGhJtvjLd1JSGBz_yKgrmq2kdKv2GpIC0XUIJRarOh1prqbbuQtdGeE2Zrjwn78zxsEpu3ZlrIuzVHmYBxxI9Y6-KorMlPaxpTKlqrhnlEurHj-B3M4PXNjuUETjx9_0H81_9v4oBZKJXHER8URd7QTy3nEq-FITOMDORw796sNUS7qy7BEPgPzRqANbKTIyOvjSElyOD4G38nUhr7V7fY40DTNUyxWh-9vLX96Nn12_CL4WVUptyIXnq8e2IoNHKj5Mv-lw1rJnbnuGw&flowName=GeneralOAuthFlow&continue=https%3A%2F%2Faccounts.google.com%2Fsignin%2Foauth%2Fconsent%3Fauthuser%3Dunknown%26part%3DAJi8hAO7xsYyKZPigF9pDaz3-yvz9NzFC9xhDTwP85tZ9Z0w2FBwxwje4MShQClg9ysi7AXYzCdoXBDc6aJ94l2dKRq_3jjan_CYbZm0oksQm2PLvIqOGR154t7X0C8bIebE5llxsdP52_IH4pYlLtNlpQ3wXQxcDOW-ZlLmqvt8aMOWa_m0GOWTSZf8lRy5qyTITrJ0bjwSpO5sFf8m-1T0KiXXY4RiqU4TQUqJupPxtJPexkYqO6WjQL2EjHy2iFOLL-PYPA1whrVn_ddL7QiO9Pq-Vqs-qnC4IAPlVZKVtbiOyPRmrJMuizd1n1DERq-IyOuxiJcSqR8j98fs6oCsNoh3CdkX7u74nQwhKTwpYxSxWHDrnh_-pTHhwAVXmO_e4H4Ti-4fewVhG3IBpyjE9rza9lNI3HvKQkn2K34pUM5Vv7F-O7CLCLHrdviZiy6eJnPkKMgCQYqi4pKKbC652y8Vg33G1rQTcKZffuOsHy4rMhZUJdg%26flowName%3DGeneralOAuthFlow%26as%3DS1110579966%253A1775330931624434%26client_id%3D798140005744-d1placoldbonqrrbdk0649o6kqrdhhil.apps.googleusercontent.com%26requestPath%3D%252Fsignin%252Foauth%252Fconsent%23&app_domain=https%3A%2F%2Forganizer-85045.firebaseapp.com&rart=ANgoxcdWFd8a7rIVad4FoHk_hBDNMDw4VjokZQqmPz0jHOIJgmwTIpNL0MJejw0sNyqk0i80ETf5xaNceaWT5RPWKYMQlNdWF6xfwhMXVt7oV51onypvFng:0
[   73725ms] [LOG] %c%s color: red; background: yellow; font-size: 24px; WARNING! @ https://www.gstatic.com/_/mss/boq-identity/_/js/k=boq-identity.AccountsSignInUi.en_US.IWQQguuMG4M.es5.O/am=Kf4GAACiCCQDYPj_DxkACIAgGrieBaAJRAYAAAAAAAAAACwQACCN/d=1/excm=_b,_tp,identifierview/ed=1/dg=0/wt=2/ujg=1/rs=AOaEmlHwPqhGCDaxrMW3F9HW0ZLwTsULjw/dti=1/m=_b,_tp:467
[   73725ms] [LOG] %c%s font-size: 18px; Using this console may allow attackers to impersonate you and steal your information using an attack called Self-XSS.
Do not enter or paste code that you do not understand. @ https://www.gstatic.com/_/mss/boq-identity/_/js/k=boq-identity.AccountsSignInUi.en_US.IWQQguuMG4M.es5.O/am=Kf4GAACiCCQDYPj_DxkACIAgGrieBaAJRAYAAAAAAAAAACwQACCN/d=1/excm=_b,_tp,identifierview/ed=1/dg=0/wt=2/ujg=1/rs=AOaEmlHwPqhGCDaxrMW3F9HW0ZLwTsULjw/dti=1/m=_b,_tp:467
[   81311ms] [VERBOSE] [DOM] Password field is not contained in a form: (More info: https://goo.gl/9p2vKq) %o @ https://accounts.google.com/v3/signin/challenge/pwd?TL=AIgtPP0WsIv-a-2oYiilzTZ0hMQFlhFUK5hUF6g5pBxgjP82CPpJE1q1jOl97ETH&app_domain=https%3A%2F%2Forganizer-85045.firebaseapp.com&checkConnection=youtube%3A352&checkedDomains=youtube&cid=2&client_id=798140005744-d1placoldbonqrrbdk0649o6kqrdhhil.apps.googleusercontent.com&continue=https%3A%2F%2Faccounts.google.com%2Fsignin%2Foauth%2Fconsent%3Fauthuser%3Dunknown%26part%3DAJi8hAO7xsYyKZPigF9pDaz3-yvz9NzFC9xhDTwP85tZ9Z0w2FBwxwje4MShQClg9ysi7AXYzCdoXBDc6aJ94l2dKRq_3jjan_CYbZm0oksQm2PLvIqOGR154t7X0C8bIebE5llxsdP52_IH4pYlLtNlpQ3wXQxcDOW-ZlLmqvt8aMOWa_m0GOWTSZf8lRy5qyTITrJ0bjwSpO5sFf8m-1T0KiXXY4RiqU4TQUqJupPxtJPexkYqO6WjQL2EjHy2iFOLL-PYPA1whrVn_ddL7QiO9Pq-Vqs-qnC4IAPlVZKVtbiOyPRmrJMuizd1n1DERq-IyOuxiJcSqR8j98fs6oCsNoh3CdkX7u74nQwhKTwpYxSxWHDrnh_-pTHhwAVXmO_e4H4Ti-4fewVhG3IBpyjE9rza9lNI3HvKQkn2K34pUM5Vv7F-O7CLCLHrdviZiy6eJnPkKMgCQYqi4pKKbC652y8Vg33G1rQTcKZffuOsHy4rMhZUJdg%26flowName%3DGeneralOAuthFlow%26as%3DS1110579966%253A1775330931624434%26client_id%3D798140005744-d1placoldbonqrrbdk0649o6kqrdhhil.apps.googleusercontent.com%26requestPath%3D%252Fsignin%252Foauth%252Fconsent%23&dsh=S1110579966%3A1775330931624434&flowName=GeneralOAuthFlow&o2v=1&opparams=%253Fcontext_uri%253Dhttp%25253A%25252F%25252Flocalhost%25253A3000&pstMsg=1&rart=ANgoxcdWFd8a7rIVad4FoHk_hBDNMDw4VjokZQqmPz0jHOIJgmwTIpNL0MJejw0sNyqk0i80ETf5xaNceaWT5RPWKYMQlNdWF6xfwhMXVt7oV51onypvFng&redirect_uri=https%3A%2F%2Forganizer-85045.firebaseapp.com%2F__%2Fauth%2Fhandler&response_type=code&scope=openid%20https%3A%2F%2Fwww.googleapis.com%2Fauth%2Fuserinfo.email%20profile&service=lso&state=AMbdmDkG9HnOpHW662jtjtLerT-FsoqAlFDLhtFmXM9_Hq5l1-PMsLIS6rW5XhGhJtvjLd1JSGBz_yKgrmq2kdKv2GpIC0XUIJRarOh1prqbbuQtdGeE2Zrjwn78zxsEpu3ZlrIuzVHmYBxxI9Y6-KorMlPaxpTKlqrhnlEurHj-B3M4PXNjuUETjx9_0H81_9v4oBZKJXHER8URd7QTy3nEq-FITOMDORw796sNUS7qy7BEPgPzRqANbKTIyOvjSElyOD4G38nUhr7V7fY40DTNUyxWh-9vLX96Nn12_CL4WVUptyIXnq8e2IoNHKj5Mv-lw1rJnbnuGw:0
[  137998ms] [VERBOSE] [DOM] Password field is not contained in a form: (More info: https://goo.gl/9p2vKq) %o @ https://accounts.google.com/v3/signin/challenge/pwd?TL=AIgtPP0WsIv-a-2oYiilzTZ0hMQFlhFUK5hUF6g5pBxgjP82CPpJE1q1jOl97ETH&app_domain=https%3A%2F%2Forganizer-85045.firebaseapp.com&checkConnection=youtube%3A352&checkedDomains=youtube&cid=2&client_id=798140005744-d1placoldbonqrrbdk0649o6kqrdhhil.apps.googleusercontent.com&continue=https%3A%2F%2Faccounts.google.com%2Fsignin%2Foauth%2Fconsent%3Fauthuser%3Dunknown%26part%3DAJi8hAO7xsYyKZPigF9pDaz3-yvz9NzFC9xhDTwP85tZ9Z0w2FBwxwje4MShQClg9ysi7AXYzCdoXBDc6aJ94l2dKRq_3jjan_CYbZm0oksQm2PLvIqOGR154t7X0C8bIebE5llxsdP52_IH4pYlLtNlpQ3wXQxcDOW-ZlLmqvt8aMOWa_m0GOWTSZf8lRy5qyTITrJ0bjwSpO5sFf8m-1T0KiXXY4RiqU4TQUqJupPxtJPexkYqO6WjQL2EjHy2iFOLL-PYPA1whrVn_ddL7QiO9Pq-Vqs-qnC4IAPlVZKVtbiOyPRmrJMuizd1n1DERq-IyOuxiJcSqR8j98fs6oCsNoh3CdkX7u74nQwhKTwpYxSxWHDrnh_-pTHhwAVXmO_e4H4Ti-4fewVhG3IBpyjE9rza9lNI3HvKQkn2K34pUM5Vv7F-O7CLCLHrdviZiy6eJnPkKMgCQYqi4pKKbC652y8Vg33G1rQTcKZffuOsHy4rMhZUJdg%26flowName%3DGeneralOAuthFlow%26as%3DS1110579966%253A1775330931624434%26client_id%3D798140005744-d1placoldbonqrrbdk0649o6kqrdhhil.apps.googleusercontent.com%26requestPath%3D%252Fsignin%252Foauth%252Fconsent%23&dsh=S1110579966%3A1775330931624434&flowName=GeneralOAuthFlow&o2v=1&opparams=%253Fcontext_uri%253Dhttp%25253A%25252F%25252Flocalhost%25253A3000&pstMsg=1&rart=ANgoxcdWFd8a7rIVad4FoHk_hBDNMDw4VjokZQqmPz0jHOIJgmwTIpNL0MJejw0sNyqk0i80ETf5xaNceaWT5RPWKYMQlNdWF6xfwhMXVt7oV51onypvFng&redirect_uri=https%3A%2F%2Forganizer-85045.firebaseapp.com%2F__%2Fauth%2Fhandler&response_type=code&scope=openid%20https%3A%2F%2Fwww.googleapis.com%2Fauth%2Fuserinfo.email%20profile&service=lso&state=AMbdmDkG9HnOpHW662jtjtLerT-FsoqAlFDLhtFmXM9_Hq5l1-PMsLIS6rW5XhGhJtvjLd1JSGBz_yKgrmq2kdKv2GpIC0XUIJRarOh1prqbbuQtdGeE2Zrjwn78zxsEpu3ZlrIuzVHmYBxxI9Y6-KorMlPaxpTKlqrhnlEurHj-B3M4PXNjuUETjx9_0H81_9v4oBZKJXHER8URd7QTy3nEq-FITOMDORw796sNUS7qy7BEPgPzRqANbKTIyOvjSElyOD4G38nUhr7V7fY40DTNUyxWh-9vLX96Nn12_CL4WVUptyIXnq8e2IoNHKj5Mv-lw1rJnbnuGw:0
[  430925ms] [LOG] Firebase config: {authDomain: organizer-85045.firebaseapp.com, projectId: organizer-85045, storageBucket: organizer-85045.firebasestorage.app, messagingSenderId: 798140005744, measurementId: G-8N4JMBVHNY} @ http://localhost:3000/_nuxt/plugins/firebase.ts:22
[  430932ms] [WARNING] [2026-04-04T19:34:49.047Z]  @firebase/firestore: Firestore (9.23.0): enableIndexedDbPersistence() will be deprecated in the future, you can use `FirestoreSettings.cache` instead. @ http://localhost:3000/_nuxt/node_modules/.cache/vite/client/deps/chunk-VSCDMDJU.js?v=0103adaa:1053
[  431000ms] [LOG] ✨ %cNuxt DevTools %c Press Shift + Option + D to open DevTools color: black; border-radius: 3px 0 0 3px; padding: 2px 2px 1px 10px; background: #00DC82 border-radius: 0 3px 3px 0; padding: 2px 10px 1px 2px; background: #00DC8220  @ http://localhost:3000/_nuxt/node_modules/@nuxt/devtools/dist/runtime/plugins/devtools.client.js?v=0103adaa:51
[  433862ms] [LOG] Firestore offline persistence enabled @ http://localhost:3000/_nuxt/plugins/firebase.ts:84
[  433862ms] [LOG] Firebase initialized successfully @ http://localhost:3000/_nuxt/plugins/firebase.ts:98
[  433862ms] [LOG] Pinia persistence plugin initialized with date reviving @ http://localhost:3000/_nuxt/plugins/pinia-persistence.ts:5
[  433863ms] [LOG] OIDC logging enabled in development mode @ http://localhost:3000/_nuxt/plugins/oidc.ts:7
[  433863ms] [LOG] Silent renew helper would be available at: /oidc-silent-renew.html @ http://localhost:3000/_nuxt/plugins/oidc.ts:30
[  433863ms] [LOG] OIDC plugin initialized @ http://localhost:3000/_nuxt/plugins/oidc.ts:33
[  433870ms] [INFO] <Suspense> is an experimental feature and its API will likely change. @ http://localhost:3000/_nuxt/node_modules/@vue/runtime-core/dist/runtime-core.esm-bundler.js?v=0103adaa:7208
[  434207ms] [VERBOSE] [DOM] Input elements should have autocomplete attributes (suggested: "current-password"): (More info: https://goo.gl/9p2vKq) %o @ http://localhost:3000/auth/login:0
[  434481ms] [WARNING] [Vue Router warn]: No match found for location with path "/auth" @ http://localhost:3000/_nuxt/node_modules/vue-router/dist/devtools-DUDsFuj9.js?v=0103adaa:10
[  434513ms] [LOG] Proxy(Object) @ http://localhost:3000/_nuxt/utils/api/aiProviders/index.ts?t=1775330263464:22
[  450530ms] [ERROR] Failed to load resource: the server responded with a status of 404 () @ https://organizer-85045.firebaseapp.com/__/firebase/init.json:0
[  451918ms] [LOG] Firebase config: {authDomain: organizer-85045.firebaseapp.com, projectId: organizer-85045, storageBucket: organizer-85045.firebasestorage.app, messagingSenderId: 798140005744, measurementId: G-8N4JMBVHNY} @ http://localhost:3000/_nuxt/plugins/firebase.ts:22
[  451921ms] [WARNING] [2026-04-04T19:35:10.036Z]  @firebase/firestore: Firestore (9.23.0): enableIndexedDbPersistence() will be deprecated in the future, you can use `FirestoreSettings.cache` instead. @ http://localhost:3000/_nuxt/node_modules/.cache/vite/client/deps/chunk-VSCDMDJU.js?v=0103adaa:1053
[  451948ms] [LOG] ✨ %cNuxt DevTools %c Press Shift + Option + D to open DevTools color: black; border-radius: 3px 0 0 3px; padding: 2px 2px 1px 10px; background: #00DC82 border-radius: 0 3px 3px 0; padding: 2px 10px 1px 2px; background: #00DC8220  @ http://localhost:3000/_nuxt/node_modules/@nuxt/devtools/dist/runtime/plugins/devtools.client.js?v=0103adaa:51
[  453123ms] [LOG] Firestore offline persistence enabled @ http://localhost:3000/_nuxt/plugins/firebase.ts:84
[  453124ms] [LOG] Firebase initialized successfully @ http://localhost:3000/_nuxt/plugins/firebase.ts:98
[  453124ms] [LOG] Pinia persistence plugin initialized with date reviving @ http://localhost:3000/_nuxt/plugins/pinia-persistence.ts:5
[  453125ms] [LOG] OIDC logging enabled in development mode @ http://localhost:3000/_nuxt/plugins/oidc.ts:7
[  453125ms] [LOG] Silent renew helper would be available at: /oidc-silent-renew.html @ http://localhost:3000/_nuxt/plugins/oidc.ts:30
[  453125ms] [LOG] OIDC plugin initialized @ http://localhost:3000/_nuxt/plugins/oidc.ts:33
[  453133ms] [INFO] <Suspense> is an experimental feature and its API will likely change. @ http://localhost:3000/_nuxt/node_modules/@vue/runtime-core/dist/runtime-core.esm-bundler.js?v=0103adaa:7208
[  453342ms] [LOG] Proxy(Object) @ http://localhost:3000/_nuxt/utils/api/aiProviders/index.ts?t=1775330263464:22
[  453349ms] [WARNING] [Vue Router warn]: No match found for location with path "/auth" @ http://localhost:3000/_nuxt/node_modules/vue-router/dist/devtools-DUDsFuj9.js?v=0103adaa:10
[  453473ms] [VERBOSE] [DOM] Input elements should have autocomplete attributes (suggested: "current-password"): (More info: https://goo.gl/9p2vKq) %o @ http://localhost:3000/auth/login:0
[  453644ms] [LOG] Proxy(Object) @ http://localhost:3000/_nuxt/components/feedback/FeedbackButton.vue?t=1775330263464:70
