[     534ms] [LOG] Firebase config: {authDomain: organizer-85045.firebaseapp.com, projectId: organizer-85045, storageBucket: organizer-85045.firebasestorage.app, messagingSenderId: 798140005744, measurementId: G-8N4JMBVHNY} @ http://localhost:3000/_nuxt/plugins/firebase.ts:22
[     535ms] [WARNING] [2026-04-04T19:36:26.193Z]  @firebase/firestore: Firestore (9.23.0): enableIndexedDbPersistence() will be deprecated in the future, you can use `FirestoreSettings.cache` instead. @ http://localhost:3000/_nuxt/node_modules/.cache/vite/client/deps/chunk-VSCDMDJU.js?v=0103adaa:1053
[     550ms] [LOG] ✨ %cNuxt DevTools %c Press Shift + Option + D to open DevTools color: black; border-radius: 3px 0 0 3px; padding: 2px 2px 1px 10px; background: #00DC82 border-radius: 0 3px 3px 0; padding: 2px 10px 1px 2px; background: #00DC8220  @ http://localhost:3000/_nuxt/node_modules/@nuxt/devtools/dist/runtime/plugins/devtools.client.js?v=0103adaa:51
[     721ms] [LOG] Firestore offline persistence enabled @ http://localhost:3000/_nuxt/plugins/firebase.ts:84
[     721ms] [LOG] Firebase initialized successfully @ http://localhost:3000/_nuxt/plugins/firebase.ts:98
[     721ms] [LOG] Pinia persistence plugin initialized with date reviving @ http://localhost:3000/_nuxt/plugins/pinia-persistence.ts:5
[     721ms] [LOG] OIDC logging enabled in development mode @ http://localhost:3000/_nuxt/plugins/oidc.ts:7
[     721ms] [LOG] Silent renew helper would be available at: /oidc-silent-renew.html @ http://localhost:3000/_nuxt/plugins/oidc.ts:30
[     721ms] [LOG] OIDC plugin initialized @ http://localhost:3000/_nuxt/plugins/oidc.ts:33
[     723ms] [INFO] <Suspense> is an experimental feature and its API will likely change. @ http://localhost:3000/_nuxt/node_modules/@vue/runtime-core/dist/runtime-core.esm-bundler.js?v=0103adaa:7208
[     917ms] [LOG] Proxy(Object) @ http://localhost:3000/_nuxt/utils/api/aiProviders/index.ts?t=1775330263464:22
[     922ms] [WARNING] [Vue Router warn]: No match found for location with path "/auth" @ http://localhost:3000/_nuxt/node_modules/vue-router/dist/devtools-DUDsFuj9.js?v=0103adaa:10
[     942ms] [LOG] Loading AI integrations from user settings: Proxy(Array) @ http://localhost:3000/_nuxt/pages/auth/profile.vue?t=1775330333052:132
[    1121ms] [LOG] Proxy(Object) @ http://localhost:3000/_nuxt/components/feedback/FeedbackButton.vue?t=1775330263464:70
[   55812ms] [WARNING] [Vue Router warn]: No match found for location with path "/auth" @ http://localhost:3000/_nuxt/components/feedback/FeedbackButton.vue?t=1775330263464:82
[   55813ms] [LOG] Proxy(Object) @ http://localhost:3000/_nuxt/components/feedback/FeedbackButton.vue?t=1775330263464:70
[   55813ms] [WARNING] [Vue Router warn]: No match found for location with path "/auth" @ http://localhost:3000/_nuxt/components/feedback/FeedbackButton.vue?t=1775330263464:82
[   55813ms] [LOG] Proxy(Object) @ http://localhost:3000/_nuxt/components/feedback/FeedbackButton.vue?t=1775330263464:70
[   55813ms] [WARNING] [Vue Router warn]: No match found for location with path "/auth" @ http://localhost:3000/_nuxt/components/feedback/FeedbackButton.vue?t=1775330263464:82
[   55814ms] [LOG] Proxy(Object) @ http://localhost:3000/_nuxt/components/feedback/FeedbackButton.vue?t=1775330263464:70
[   55814ms] [WARNING] [Vue Router warn]: No match found for location with path "/auth" @ http://localhost:3000/_nuxt/components/feedback/FeedbackButton.vue?t=1775330263464:82
[   55814ms] [LOG] Proxy(Object) @ http://localhost:3000/_nuxt/components/feedback/FeedbackButton.vue?t=1775330263464:70
[   55814ms] [WARNING] [Vue Router warn]: No match found for location with path "/auth" @ http://localhost:3000/_nuxt/components/feedback/FeedbackButton.vue?t=1775330263464:82
[   55814ms] [LOG] Proxy(Object) @ http://localhost:3000/_nuxt/components/feedback/FeedbackButton.vue?t=1775330263464:70
[   55814ms] [WARNING] [Vue Router warn]: No match found for location with path "/auth" @ http://localhost:3000/_nuxt/components/feedback/FeedbackButton.vue?t=1775330263464:82
[   55814ms] [WARNING] [Vue Router warn]: No match found for location with path "/auth" @ http://localhost:3000/_nuxt/components/feedback/FeedbackButton.vue?t=1775330263464:82
[   55815ms] [LOG] Proxy(Object) @ http://localhost:3000/_nuxt/components/feedback/FeedbackButton.vue?t=1775330263464:70
[   55815ms] [WARNING] [Vue Router warn]: No match found for location with path "/auth" @ http://localhost:3000/_nuxt/components/feedback/FeedbackButton.vue?t=1775330263464:82
[   55815ms] [WARNING] [Vue Router warn]: No match found for location with path "/auth" @ http://localhost:3000/_nuxt/components/feedback/FeedbackButton.vue?t=1775330263464:82
[   55815ms] [LOG] Proxy(Object) @ http://localhost:3000/_nuxt/components/feedback/FeedbackButton.vue?t=1775330263464:70
[   55815ms] [WARNING] [Vue Router warn]: No match found for location with path "/auth" @ http://localhost:3000/_nuxt/components/feedback/FeedbackButton.vue?t=1775330263464:82
[   55815ms] [WARNING] [Vue Router warn]: No match found for location with path "/auth" @ http://localhost:3000/_nuxt/components/feedback/FeedbackButton.vue?t=1775330263464:82
[   55815ms] [LOG] Proxy(Object) @ http://localhost:3000/_nuxt/components/feedback/FeedbackButton.vue?t=1775330263464:70
[   55815ms] [WARNING] [Vue Router warn]: No match found for location with path "/auth" @ http://localhost:3000/_nuxt/components/feedback/FeedbackButton.vue?t=1775330263464:82
[   55816ms] [WARNING] [Vue Router warn]: No match found for location with path "/auth" @ http://localhost:3000/_nuxt/components/feedback/FeedbackButton.vue?t=1775330263464:82
[   55816ms] [LOG] Proxy(Object) @ http://localhost:3000/_nuxt/components/feedback/FeedbackButton.vue?t=1775330263464:70
[   55816ms] [WARNING] [Vue Router warn]: No match found for location with path "/auth" @ http://localhost:3000/_nuxt/components/feedback/FeedbackButton.vue?t=1775330263464:82
[   55816ms] [WARNING] [Vue Router warn]: No match found for location with path "/auth" @ http://localhost:3000/_nuxt/components/feedback/FeedbackButton.vue?t=1775330263464:82
[   55816ms] [LOG] Proxy(Object) @ http://localhost:3000/_nuxt/components/feedback/FeedbackButton.vue?t=1775330263464:70
[   55816ms] [WARNING] [Vue Router warn]: No match found for location with path "/auth" @ http://localhost:3000/_nuxt/components/feedback/FeedbackButton.vue?t=1775330263464:82
[   55816ms] [WARNING] [Vue Router warn]: No match found for location with path "/auth" @ http://localhost:3000/_nuxt/components/feedback/FeedbackButton.vue?t=1775330263464:82
[   55816ms] [LOG] Proxy(Object) @ http://localhost:3000/_nuxt/components/feedback/FeedbackButton.vue?t=1775330263464:70
[   55816ms] [WARNING] [Vue Router warn]: No match found for location with path "/auth" @ http://localhost:3000/_nuxt/components/feedback/FeedbackButton.vue?t=1775330263464:82
[   55817ms] [WARNING] [Vue Router warn]: No match found for location with path "/auth" @ http://localhost:3000/_nuxt/components/feedback/FeedbackButton.vue?t=1775330263464:82
[   55817ms] [LOG] Proxy(Object) @ http://localhost:3000/_nuxt/components/feedback/FeedbackButton.vue?t=1775330263464:70
[   55817ms] [WARNING] [Vue Router warn]: No match found for location with path "/auth" @ http://localhost:3000/_nuxt/components/feedback/FeedbackButton.vue?t=1775330263464:82
[   55817ms] [WARNING] [Vue Router warn]: No match found for location with path "/auth" @ http://localhost:3000/_nuxt/components/feedback/FeedbackButton.vue?t=1775330263464:82
[   55818ms] [LOG] Proxy(Object) @ http://localhost:3000/_nuxt/components/feedback/FeedbackButton.vue?t=1775330263464:70
[   55818ms] [WARNING] [Vue Router warn]: No match found for location with path "/auth" @ http://localhost:3000/_nuxt/components/feedback/FeedbackButton.vue?t=1775330263464:82
[   55818ms] [WARNING] [Vue Router warn]: No match found for location with path "/auth" @ http://localhost:3000/_nuxt/components/feedback/FeedbackButton.vue?t=1775330263464:82
[   55818ms] [LOG] Proxy(Object) @ http://localhost:3000/_nuxt/components/feedback/FeedbackButton.vue?t=1775330263464:70
[   55818ms] [WARNING] [Vue Router warn]: No match found for location with path "/auth" @ http://localhost:3000/_nuxt/components/feedback/FeedbackButton.vue?t=1775330263464:82
[   55818ms] [WARNING] [Vue Router warn]: No match found for location with path "/auth" @ http://localhost:3000/_nuxt/components/feedback/FeedbackButton.vue?t=1775330263464:82
[   55818ms] [LOG] Proxy(Object) @ http://localhost:3000/_nuxt/components/feedback/FeedbackButton.vue?t=1775330263464:70
[   55818ms] [WARNING] [Vue Router warn]: No match found for location with path "/auth" @ http://localhost:3000/_nuxt/components/feedback/FeedbackButton.vue?t=1775330263464:82
[   55818ms] [WARNING] [Vue Router warn]: No match found for location with path "/auth" @ http://localhost:3000/_nuxt/components/feedback/FeedbackButton.vue?t=1775330263464:82
[   55819ms] [LOG] Proxy(Object) @ http://localhost:3000/_nuxt/components/feedback/FeedbackButton.vue?t=1775330263464:70
[   55819ms] [WARNING] [Vue Router warn]: No match found for location with path "/auth" @ http://localhost:3000/_nuxt/components/feedback/FeedbackButton.vue?t=1775330263464:82
[   55819ms] [WARNING] [Vue Router warn]: No match found for location with path "/auth" @ http://localhost:3000/_nuxt/components/feedback/FeedbackButton.vue?t=1775330263464:82
[   55819ms] [LOG] Proxy(Object) @ http://localhost:3000/_nuxt/components/feedback/FeedbackButton.vue?t=1775330263464:70
[   55819ms] [WARNING] [Vue Router warn]: No match found for location with path "/auth" @ http://localhost:3000/_nuxt/components/feedback/FeedbackButton.vue?t=1775330263464:82
[   55819ms] [WARNING] [Vue Router warn]: No match found for location with path "/auth" @ http://localhost:3000/_nuxt/components/feedback/FeedbackButton.vue?t=1775330263464:82
[   55819ms] [LOG] Proxy(Object) @ http://localhost:3000/_nuxt/components/feedback/FeedbackButton.vue?t=1775330263464:70
[   55819ms] [WARNING] [Vue Router warn]: No match found for location with path "/auth" @ http://localhost:3000/_nuxt/components/feedback/FeedbackButton.vue?t=1775330263464:82
[   55820ms] [WARNING] [Vue Router warn]: No match found for location with path "/auth" @ http://localhost:3000/_nuxt/components/feedback/FeedbackButton.vue?t=1775330263464:82
[   55820ms] [LOG] Proxy(Object) @ http://localhost:3000/_nuxt/components/feedback/FeedbackButton.vue?t=1775330263464:70
[   55820ms] [WARNING] [Vue Router warn]: No match found for location with path "/auth" @ http://localhost:3000/_nuxt/components/feedback/FeedbackButton.vue?t=1775330263464:82
[   55820ms] [WARNING] [Vue Router warn]: No match found for location with path "/auth" @ http://localhost:3000/_nuxt/components/feedback/FeedbackButton.vue?t=1775330263464:82
[   55820ms] [LOG] Proxy(Object) @ http://localhost:3000/_nuxt/components/feedback/FeedbackButton.vue?t=1775330263464:70
[   55820ms] [WARNING] [Vue Router warn]: No match found for location with path "/auth" @ http://localhost:3000/_nuxt/components/feedback/FeedbackButton.vue?t=1775330263464:82
[   55820ms] [WARNING] [Vue Router warn]: No match found for location with path "/auth" @ http://localhost:3000/_nuxt/components/feedback/FeedbackButton.vue?t=1775330263464:82
[   55820ms] [LOG] Proxy(Object) @ http://localhost:3000/_nuxt/components/feedback/FeedbackButton.vue?t=1775330263464:70
[   55820ms] [WARNING] [Vue Router warn]: No match found for location with path "/auth" @ http://localhost:3000/_nuxt/components/feedback/FeedbackButton.vue?t=1775330263464:82
[   55821ms] [WARNING] [Vue Router warn]: No match found for location with path "/auth" @ http://localhost:3000/_nuxt/components/feedback/FeedbackButton.vue?t=1775330263464:82
[   55821ms] [LOG] Proxy(Object) @ http://localhost:3000/_nuxt/components/feedback/FeedbackButton.vue?t=1775330263464:70
[   55821ms] [WARNING] [Vue Router warn]: No match found for location with path "/auth" @ http://localhost:3000/_nuxt/components/feedback/FeedbackButton.vue?t=1775330263464:82
[   55821ms] [WARNING] [Vue Router warn]: No match found for location with path "/auth" @ http://localhost:3000/_nuxt/components/feedback/FeedbackButton.vue?t=1775330263464:82
[   55821ms] [LOG] Proxy(Object) @ http://localhost:3000/_nuxt/components/feedback/FeedbackButton.vue?t=1775330263464:70
[   55821ms] [WARNING] [Vue Router warn]: No match found for location with path "/auth" @ http://localhost:3000/_nuxt/components/feedback/FeedbackButton.vue?t=1775330263464:82
[   55821ms] [WARNING] [Vue Router warn]: No match found for location with path "/auth" @ http://localhost:3000/_nuxt/components/feedback/FeedbackButton.vue?t=1775330263464:82
[   55821ms] [LOG] Proxy(Object) @ http://localhost:3000/_nuxt/components/feedback/FeedbackButton.vue?t=1775330263464:70
[   55822ms] [WARNING] [Vue Router warn]: No match found for location with path "/auth" @ http://localhost:3000/_nuxt/components/feedback/FeedbackButton.vue?t=1775330263464:82
[   55822ms] [WARNING] [Vue Router warn]: No match found for location with path "/auth" @ http://localhost:3000/_nuxt/components/feedback/FeedbackButton.vue?t=1775330263464:82
[   55822ms] [LOG] Proxy(Object) @ http://localhost:3000/_nuxt/components/feedback/FeedbackButton.vue?t=1775330263464:70
[   55822ms] [WARNING] [Vue Router warn]: No match found for location with path "/auth" @ http://localhost:3000/_nuxt/components/feedback/FeedbackButton.vue?t=1775330263464:82
[   55822ms] [WARNING] [Vue Router warn]: No match found for location with path "/auth" @ http://localhost:3000/_nuxt/components/feedback/FeedbackButton.vue?t=1775330263464:82
[   55822ms] [LOG] Proxy(Object) @ http://localhost:3000/_nuxt/components/feedback/FeedbackButton.vue?t=1775330263464:70
[   55823ms] [WARNING] [Vue Router warn]: No match found for location with path "/auth" @ http://localhost:3000/_nuxt/components/feedback/FeedbackButton.vue?t=1775330263464:82
[   55823ms] [WARNING] [Vue Router warn]: No match found for location with path "/auth" @ http://localhost:3000/_nuxt/components/feedback/FeedbackButton.vue?t=1775330263464:82
[   55823ms] [LOG] Proxy(Object) @ http://localhost:3000/_nuxt/components/feedback/FeedbackButton.vue?t=1775330263464:70
[   55823ms] [WARNING] [Vue Router warn]: No match found for location with path "/auth" @ http://localhost:3000/_nuxt/components/feedback/FeedbackButton.vue?t=1775330263464:82
[   55823ms] [WARNING] [Vue Router warn]: No match found for location with path "/auth" @ http://localhost:3000/_nuxt/components/feedback/FeedbackButton.vue?t=1775330263464:82
[   55823ms] [LOG] Proxy(Object) @ http://localhost:3000/_nuxt/components/feedback/FeedbackButton.vue?t=1775330263464:70
[   55823ms] [WARNING] [Vue Router warn]: No match found for location with path "/auth" @ http://localhost:3000/_nuxt/components/feedback/FeedbackButton.vue?t=1775330263464:82
[   55823ms] [WARNING] [Vue Router warn]: No match found for location with path "/auth" @ http://localhost:3000/_nuxt/components/feedback/FeedbackButton.vue?t=1775330263464:82
[   55824ms] [LOG] Proxy(Object) @ http://localhost:3000/_nuxt/components/feedback/FeedbackButton.vue?t=1775330263464:70
[   55824ms] [WARNING] [Vue Router warn]: No match found for location with path "/auth" @ http://localhost:3000/_nuxt/components/feedback/FeedbackButton.vue?t=1775330263464:82
[   55824ms] [WARNING] [Vue Router warn]: No match found for location with path "/auth" @ http://localhost:3000/_nuxt/components/feedback/FeedbackButton.vue?t=1775330263464:82
[   55824ms] [LOG] Proxy(Object) @ http://localhost:3000/_nuxt/components/feedback/FeedbackButton.vue?t=1775330263464:70
[   55824ms] [WARNING] [Vue Router warn]: No match found for location with path "/auth" @ http://localhost:3000/_nuxt/components/feedback/FeedbackButton.vue?t=1775330263464:82
[   55824ms] [WARNING] [Vue Router warn]: No match found for location with path "/auth" @ http://localhost:3000/_nuxt/components/feedback/FeedbackButton.vue?t=1775330263464:82
[   55824ms] [LOG] Proxy(Object) @ http://localhost:3000/_nuxt/components/feedback/FeedbackButton.vue?t=1775330263464:70
[   55824ms] [WARNING] [Vue Router warn]: No match found for location with path "/auth" @ http://localhost:3000/_nuxt/components/feedback/FeedbackButton.vue?t=1775330263464:82
[   55824ms] [WARNING] [Vue Router warn]: No match found for location with path "/auth" @ http://localhost:3000/_nuxt/components/feedback/FeedbackButton.vue?t=1775330263464:82
[   55825ms] [LOG] Proxy(Object) @ http://localhost:3000/_nuxt/components/feedback/FeedbackButton.vue?t=1775330263464:70
[   55825ms] [WARNING] [Vue Router warn]: No match found for location with path "/auth" @ http://localhost:3000/_nuxt/components/feedback/FeedbackButton.vue?t=1775330263464:82
[   55825ms] [WARNING] [Vue Router warn]: No match found for location with path "/auth" @ http://localhost:3000/_nuxt/components/feedback/FeedbackButton.vue?t=1775330263464:82
[   55825ms] [LOG] Proxy(Object) @ http://localhost:3000/_nuxt/components/feedback/FeedbackButton.vue?t=1775330263464:70
[   55825ms] [WARNING] [Vue Router warn]: No match found for location with path "/auth" @ http://localhost:3000/_nuxt/components/feedback/FeedbackButton.vue?t=1775330263464:82
[   55825ms] [WARNING] [Vue Router warn]: No match found for location with path "/auth" @ http://localhost:3000/_nuxt/components/feedback/FeedbackButton.vue?t=1775330263464:82
[   55825ms] [LOG] Proxy(Object) @ http://localhost:3000/_nuxt/components/feedback/FeedbackButton.vue?t=1775330263464:70
[   55825ms] [WARNING] [Vue Router warn]: No match found for location with path "/auth" @ http://localhost:3000/_nuxt/components/feedback/FeedbackButton.vue?t=1775330263464:82
[   55825ms] [WARNING] [Vue Router warn]: No match found for location with path "/auth" @ http://localhost:3000/_nuxt/components/feedback/FeedbackButton.vue?t=1775330263464:82
[   55826ms] [LOG] Proxy(Object) @ http://localhost:3000/_nuxt/components/feedback/FeedbackButton.vue?t=1775330263464:70
[   55826ms] [WARNING] [Vue Router warn]: No match found for location with path "/auth" @ http://localhost:3000/_nuxt/components/feedback/FeedbackButton.vue?t=1775330263464:82
[   55826ms] [WARNING] [Vue Router warn]: No match found for location with path "/auth" @ http://localhost:3000/_nuxt/components/feedback/FeedbackButton.vue?t=1775330263464:82
[   55827ms] [LOG] Proxy(Object) @ http://localhost:3000/_nuxt/components/feedback/FeedbackButton.vue?t=1775330263464:70
[   55827ms] [WARNING] [Vue Router warn]: No match found for location with path "/auth" @ http://localhost:3000/_nuxt/components/feedback/FeedbackButton.vue?t=1775330263464:82
[   55827ms] [WARNING] [Vue Router warn]: No match found for location with path "/auth" @ http://localhost:3000/_nuxt/components/feedback/FeedbackButton.vue?t=1775330263464:82
[   55827ms] [LOG] Proxy(Object) @ http://localhost:3000/_nuxt/components/feedback/FeedbackButton.vue?t=1775330263464:70
[   55827ms] [WARNING] [Vue Router warn]: No match found for location with path "/auth" @ http://localhost:3000/_nuxt/components/feedback/FeedbackButton.vue?t=1775330263464:82
[   55827ms] [WARNING] [Vue Router warn]: No match found for location with path "/auth" @ http://localhost:3000/_nuxt/components/feedback/FeedbackButton.vue?t=1775330263464:82
[   55827ms] [LOG] Proxy(Object) @ http://localhost:3000/_nuxt/components/feedback/FeedbackButton.vue?t=1775330263464:70
[   55828ms] [WARNING] [Vue Router warn]: No match found for location with path "/auth" @ http://localhost:3000/_nuxt/components/feedback/FeedbackButton.vue?t=1775330263464:82
[   55828ms] [WARNING] [Vue Router warn]: No match found for location with path "/auth" @ http://localhost:3000/_nuxt/components/feedback/FeedbackButton.vue?t=1775330263464:82
[   55828ms] [LOG] Proxy(Object) @ http://localhost:3000/_nuxt/components/feedback/FeedbackButton.vue?t=1775330263464:70
[   55830ms] [WARNING] [Vue Router warn]: No match found for location with path "/auth" @ http://localhost:3000/_nuxt/components/feedback/FeedbackButton.vue?t=1775330263464:82
[   55830ms] [WARNING] [Vue Router warn]: No match found for location with path "/auth" @ http://localhost:3000/_nuxt/components/feedback/FeedbackButton.vue?t=1775330263464:82
[   55830ms] [LOG] Proxy(Object) @ http://localhost:3000/_nuxt/components/feedback/FeedbackButton.vue?t=1775330263464:70
[   55830ms] [WARNING] [Vue Router warn]: No match found for location with path "/auth" @ http://localhost:3000/_nuxt/components/feedback/FeedbackButton.vue?t=1775330263464:82
[   55830ms] [WARNING] [Vue Router warn]: No match found for location with path "/auth" @ http://localhost:3000/_nuxt/components/feedback/FeedbackButton.vue?t=1775330263464:82
[   55830ms] [LOG] Proxy(Object) @ http://localhost:3000/_nuxt/components/feedback/FeedbackButton.vue?t=1775330263464:70
[   55831ms] [WARNING] [Vue Router warn]: No match found for location with path "/auth" @ http://localhost:3000/_nuxt/components/feedback/FeedbackButton.vue?t=1775330263464:82
[   55831ms] [WARNING] [Vue Router warn]: No match found for location with path "/auth" @ http://localhost:3000/_nuxt/components/feedback/FeedbackButton.vue?t=1775330263464:82
[   55831ms] [LOG] Proxy(Object) @ http://localhost:3000/_nuxt/components/feedback/FeedbackButton.vue?t=1775330263464:70
[   55831ms] [WARNING] [Vue Router warn]: No match found for location with path "/auth" @ http://localhost:3000/_nuxt/components/feedback/FeedbackButton.vue?t=1775330263464:82
[   55831ms] [WARNING] [Vue Router warn]: No match found for location with path "/auth" @ http://localhost:3000/_nuxt/components/feedback/FeedbackButton.vue?t=1775330263464:82
[   55831ms] [LOG] Proxy(Object) @ http://localhost:3000/_nuxt/components/feedback/FeedbackButton.vue?t=1775330263464:70
[   55831ms] [WARNING] [Vue Router warn]: No match found for location with path "/auth" @ http://localhost:3000/_nuxt/components/feedback/FeedbackButton.vue?t=1775330263464:82
[   55832ms] [WARNING] [Vue Router warn]: No match found for location with path "/auth" @ http://localhost:3000/_nuxt/components/feedback/FeedbackButton.vue?t=1775330263464:82
[   55832ms] [LOG] Proxy(Object) @ http://localhost:3000/_nuxt/components/feedback/FeedbackButton.vue?t=1775330263464:70
[   55832ms] [WARNING] [Vue Router warn]: No match found for location with path "/auth" @ http://localhost:3000/_nuxt/components/feedback/FeedbackButton.vue?t=1775330263464:82
[   55832ms] [WARNING] [Vue Router warn]: No match found for location with path "/auth" @ http://localhost:3000/_nuxt/components/feedback/FeedbackButton.vue?t=1775330263464:82
[   55832ms] [LOG] Proxy(Object) @ http://localhost:3000/_nuxt/components/feedback/FeedbackButton.vue?t=1775330263464:70
[   55832ms] [WARNING] [Vue Router warn]: No match found for location with path "/auth" @ http://localhost:3000/_nuxt/components/feedback/FeedbackButton.vue?t=1775330263464:82
[   55833ms] [WARNING] [Vue Router warn]: No match found for location with path "/auth" @ http://localhost:3000/_nuxt/components/feedback/FeedbackButton.vue?t=1775330263464:82
[   55833ms] [LOG] Proxy(Object) @ http://localhost:3000/_nuxt/components/feedback/FeedbackButton.vue?t=1775330263464:70
[   55833ms] [WARNING] [Vue Router warn]: No match found for location with path "/auth" @ http://localhost:3000/_nuxt/components/feedback/FeedbackButton.vue?t=1775330263464:82
[   55833ms] [WARNING] [Vue Router warn]: No match found for location with path "/auth" @ http://localhost:3000/_nuxt/components/feedback/FeedbackButton.vue?t=1775330263464:82
[   55833ms] [LOG] Proxy(Object) @ http://localhost:3000/_nuxt/components/feedback/FeedbackButton.vue?t=1775330263464:70
[   55833ms] [WARNING] [Vue Router warn]: No match found for location with path "/auth" @ http://localhost:3000/_nuxt/components/feedback/FeedbackButton.vue?t=1775330263464:82
[   55833ms] [WARNING] [Vue Router warn]: No match found for location with path "/auth" @ http://localhost:3000/_nuxt/components/feedback/FeedbackButton.vue?t=1775330263464:82
[   55833ms] [LOG] Proxy(Object) @ http://localhost:3000/_nuxt/components/feedback/FeedbackButton.vue?t=1775330263464:70
[   55834ms] [WARNING] [Vue Router warn]: No match found for location with path "/auth" @ http://localhost:3000/_nuxt/components/feedback/FeedbackButton.vue?t=1775330263464:82
[   55834ms] [WARNING] [Vue Router warn]: No match found for location with path "/auth" @ http://localhost:3000/_nuxt/components/feedback/FeedbackButton.vue?t=1775330263464:82
[   55834ms] [LOG] Proxy(Object) @ http://localhost:3000/_nuxt/components/feedback/FeedbackButton.vue?t=1775330263464:70
[   55834ms] [WARNING] [Vue Router warn]: No match found for location with path "/auth" @ http://localhost:3000/_nuxt/components/feedback/FeedbackButton.vue?t=1775330263464:82
[   55834ms] [WARNING] [Vue Router warn]: No match found for location with path "/auth" @ http://localhost:3000/_nuxt/components/feedback/FeedbackButton.vue?t=1775330263464:82
[   55834ms] [LOG] Proxy(Object) @ http://localhost:3000/_nuxt/components/feedback/FeedbackButton.vue?t=1775330263464:70
[   55834ms] [WARNING] [Vue Router warn]: No match found for location with path "/auth" @ http://localhost:3000/_nuxt/components/feedback/FeedbackButton.vue?t=1775330263464:82
[   55834ms] [WARNING] [Vue Router warn]: No match found for location with path "/auth" @ http://localhost:3000/_nuxt/components/feedback/FeedbackButton.vue?t=1775330263464:82
[   55835ms] [LOG] Proxy(Object) @ http://localhost:3000/_nuxt/components/feedback/FeedbackButton.vue?t=1775330263464:70
[   55835ms] [WARNING] [Vue Router warn]: No match found for location with path "/auth" @ http://localhost:3000/_nuxt/components/feedback/FeedbackButton.vue?t=1775330263464:82
[   55835ms] [WARNING] [Vue Router warn]: No match found for location with path "/auth" @ http://localhost:3000/_nuxt/components/feedback/FeedbackButton.vue?t=1775330263464:82
[   55835ms] [LOG] Proxy(Object) @ http://localhost:3000/_nuxt/components/feedback/FeedbackButton.vue?t=1775330263464:70
[   55835ms] [WARNING] [Vue Router warn]: No match found for location with path "/auth" @ http://localhost:3000/_nuxt/components/feedback/FeedbackButton.vue?t=1775330263464:82
[   55835ms] [WARNING] [Vue Router warn]: No match found for location with path "/auth" @ http://localhost:3000/_nuxt/components/feedback/FeedbackButton.vue?t=1775330263464:82
[   55835ms] [LOG] Proxy(Object) @ http://localhost:3000/_nuxt/components/feedback/FeedbackButton.vue?t=1775330263464:70
[   55835ms] [WARNING] [Vue Router warn]: No match found for location with path "/auth" @ http://localhost:3000/_nuxt/components/feedback/FeedbackButton.vue?t=1775330263464:82
[   55835ms] [WARNING] [Vue Router warn]: No match found for location with path "/auth" @ http://localhost:3000/_nuxt/components/feedback/FeedbackButton.vue?t=1775330263464:82
[   55836ms] [LOG] Proxy(Object) @ http://localhost:3000/_nuxt/components/feedback/FeedbackButton.vue?t=1775330263464:70
[   55836ms] [WARNING] [Vue Router warn]: No match found for location with path "/auth" @ http://localhost:3000/_nuxt/components/feedback/FeedbackButton.vue?t=1775330263464:82
[   55836ms] [WARNING] [Vue Router warn]: No match found for location with path "/auth" @ http://localhost:3000/_nuxt/components/feedback/FeedbackButton.vue?t=1775330263464:82
[   55836ms] [LOG] Proxy(Object) @ http://localhost:3000/_nuxt/components/feedback/FeedbackButton.vue?t=1775330263464:70
[   55836ms] [WARNING] [Vue Router warn]: No match found for location with path "/auth" @ http://localhost:3000/_nuxt/components/feedback/FeedbackButton.vue?t=1775330263464:82
[   55836ms] [WARNING] [Vue Router warn]: No match found for location with path "/auth" @ http://localhost:3000/_nuxt/components/feedback/FeedbackButton.vue?t=1775330263464:82
[   55836ms] [LOG] Proxy(Object) @ http://localhost:3000/_nuxt/components/feedback/FeedbackButton.vue?t=1775330263464:70
[   55837ms] [WARNING] [Vue Router warn]: No match found for location with path "/auth" @ http://localhost:3000/_nuxt/components/feedback/FeedbackButton.vue?t=1775330263464:82
[   55837ms] [WARNING] [Vue Router warn]: No match found for location with path "/auth" @ http://localhost:3000/_nuxt/components/feedback/FeedbackButton.vue?t=1775330263464:82
[   55837ms] [LOG] Proxy(Object) @ http://localhost:3000/_nuxt/components/feedback/FeedbackButton.vue?t=1775330263464:70
[   55837ms] [WARNING] [Vue Router warn]: No match found for location with path "/auth" @ http://localhost:3000/_nuxt/components/feedback/FeedbackButton.vue?t=1775330263464:82
[   55837ms] [WARNING] [Vue Router warn]: No match found for location with path "/auth" @ http://localhost:3000/_nuxt/components/feedback/FeedbackButton.vue?t=1775330263464:82
[   55837ms] [LOG] Proxy(Object) @ http://localhost:3000/_nuxt/components/feedback/FeedbackButton.vue?t=1775330263464:70
[   55837ms] [WARNING] [Vue Router warn]: No match found for location with path "/auth" @ http://localhost:3000/_nuxt/components/feedback/FeedbackButton.vue?t=1775330263464:82
[   55837ms] [WARNING] [Vue Router warn]: No match found for location with path "/auth" @ http://localhost:3000/_nuxt/components/feedback/FeedbackButton.vue?t=1775330263464:82
[   55837ms] [LOG] Proxy(Object) @ http://localhost:3000/_nuxt/components/feedback/FeedbackButton.vue?t=1775330263464:70
[   55838ms] [WARNING] [Vue Router warn]: No match found for location with path "/auth" @ http://localhost:3000/_nuxt/components/feedback/FeedbackButton.vue?t=1775330263464:82
[   55838ms] [WARNING] [Vue Router warn]: No match found for location with path "/auth" @ http://localhost:3000/_nuxt/components/feedback/FeedbackButton.vue?t=1775330263464:82
[   55838ms] [LOG] Proxy(Object) @ http://localhost:3000/_nuxt/components/feedback/FeedbackButton.vue?t=1775330263464:70
[   55838ms] [WARNING] [Vue Router warn]: No match found for location with path "/auth" @ http://localhost:3000/_nuxt/components/feedback/FeedbackButton.vue?t=1775330263464:82
[   55838ms] [WARNING] [Vue Router warn]: No match found for location with path "/auth" @ http://localhost:3000/_nuxt/components/feedback/FeedbackButton.vue?t=1775330263464:82
[   55838ms] [LOG] Proxy(Object) @ http://localhost:3000/_nuxt/components/feedback/FeedbackButton.vue?t=1775330263464:70
[   55838ms] [WARNING] [Vue Router warn]: No match found for location with path "/auth" @ http://localhost:3000/_nuxt/components/feedback/FeedbackButton.vue?t=1775330263464:82
[   55838ms] [WARNING] [Vue Router warn]: No match found for location with path "/auth" @ http://localhost:3000/_nuxt/components/feedback/FeedbackButton.vue?t=1775330263464:82
[   55839ms] [LOG] Proxy(Object) @ http://localhost:3000/_nuxt/components/feedback/FeedbackButton.vue?t=1775330263464:70
[   55839ms] [WARNING] [Vue Router warn]: No match found for location with path "/auth" @ http://localhost:3000/_nuxt/components/feedback/FeedbackButton.vue?t=1775330263464:82
[   55839ms] [WARNING] [Vue Router warn]: No match found for location with path "/auth" @ http://localhost:3000/_nuxt/components/feedback/FeedbackButton.vue?t=1775330263464:82
[   55839ms] [LOG] Proxy(Object) @ http://localhost:3000/_nuxt/components/feedback/FeedbackButton.vue?t=1775330263464:70
[   55839ms] [WARNING] [Vue Router warn]: No match found for location with path "/auth" @ http://localhost:3000/_nuxt/components/feedback/FeedbackButton.vue?t=1775330263464:82
[   55839ms] [WARNING] [Vue Router warn]: No match found for location with path "/auth" @ http://localhost:3000/_nuxt/components/feedback/FeedbackButton.vue?t=1775330263464:82
[   55839ms] [LOG] Proxy(Object) @ http://localhost:3000/_nuxt/components/feedback/FeedbackButton.vue?t=1775330263464:70
[   55839ms] [WARNING] [Vue Router warn]: No match found for location with path "/auth" @ http://localhost:3000/_nuxt/components/feedback/FeedbackButton.vue?t=1775330263464:82
[   55839ms] [WARNING] [Vue Router warn]: No match found for location with path "/auth" @ http://localhost:3000/_nuxt/components/feedback/FeedbackButton.vue?t=1775330263464:82
[   55840ms] [LOG] Proxy(Object) @ http://localhost:3000/_nuxt/components/feedback/FeedbackButton.vue?t=1775330263464:70
[   55840ms] [WARNING] [Vue Router warn]: No match found for location with path "/auth" @ http://localhost:3000/_nuxt/components/feedback/FeedbackButton.vue?t=1775330263464:82
[   55840ms] [WARNING] [Vue Router warn]: No match found for location with path "/auth" @ http://localhost:3000/_nuxt/components/feedback/FeedbackButton.vue?t=1775330263464:82
[   55840ms] [LOG] Proxy(Object) @ http://localhost:3000/_nuxt/components/feedback/FeedbackButton.vue?t=1775330263464:70
[   55840ms] [WARNING] [Vue Router warn]: No match found for location with path "/auth" @ http://localhost:3000/_nuxt/components/feedback/FeedbackButton.vue?t=1775330263464:82
[   55840ms] [WARNING] [Vue Router warn]: No match found for location with path "/auth" @ http://localhost:3000/_nuxt/components/feedback/FeedbackButton.vue?t=1775330263464:82
[   55840ms] [LOG] Proxy(Object) @ http://localhost:3000/_nuxt/components/feedback/FeedbackButton.vue?t=1775330263464:70
[   55840ms] [WARNING] [Vue Router warn]: No match found for location with path "/auth" @ http://localhost:3000/_nuxt/components/feedback/FeedbackButton.vue?t=1775330263464:82
[   55840ms] [WARNING] [Vue Router warn]: No match found for location with path "/auth" @ http://localhost:3000/_nuxt/components/feedback/FeedbackButton.vue?t=1775330263464:82
[   55841ms] [LOG] Proxy(Object) @ http://localhost:3000/_nuxt/components/feedback/FeedbackButton.vue?t=1775330263464:70
[   55841ms] [WARNING] [Vue Router warn]: No match found for location with path "/auth" @ http://localhost:3000/_nuxt/components/feedback/FeedbackButton.vue?t=1775330263464:82
[   55841ms] [WARNING] [Vue Router warn]: No match found for location with path "/auth" @ http://localhost:3000/_nuxt/components/feedback/FeedbackButton.vue?t=1775330263464:82
[   55841ms] [LOG] Proxy(Object) @ http://localhost:3000/_nuxt/components/feedback/FeedbackButton.vue?t=1775330263464:70
[   55841ms] [WARNING] [Vue Router warn]: No match found for location with path "/auth" @ http://localhost:3000/_nuxt/components/feedback/FeedbackButton.vue?t=1775330263464:82
[   55841ms] [WARNING] [Vue Router warn]: No match found for location with path "/auth" @ http://localhost:3000/_nuxt/components/feedback/FeedbackButton.vue?t=1775330263464:82
[   55841ms] [LOG] Proxy(Object) @ http://localhost:3000/_nuxt/components/feedback/FeedbackButton.vue?t=1775330263464:70
[   55842ms] [WARNING] [Vue Router warn]: No match found for location with path "/auth" @ http://localhost:3000/_nuxt/components/feedback/FeedbackButton.vue?t=1775330263464:82
[   55842ms] [WARNING] [Vue Router warn]: No match found for location with path "/auth" @ http://localhost:3000/_nuxt/components/feedback/FeedbackButton.vue?t=1775330263464:82
[   55842ms] [LOG] Proxy(Object) @ http://localhost:3000/_nuxt/components/feedback/FeedbackButton.vue?t=1775330263464:70
[   55842ms] [WARNING] [Vue Router warn]: No match found for location with path "/auth" @ http://localhost:3000/_nuxt/components/feedback/FeedbackButton.vue?t=1775330263464:82
[   55842ms] [WARNING] [Vue Router warn]: No match found for location with path "/auth" @ http://localhost:3000/_nuxt/components/feedback/FeedbackButton.vue?t=1775330263464:82
[   55842ms] [LOG] Proxy(Object) @ http://localhost:3000/_nuxt/components/feedback/FeedbackButton.vue?t=1775330263464:70
[   55842ms] [WARNING] [Vue Router warn]: No match found for location with path "/auth" @ http://localhost:3000/_nuxt/components/feedback/FeedbackButton.vue?t=1775330263464:82
[   55842ms] [WARNING] [Vue Router warn]: No match found for location with path "/auth" @ http://localhost:3000/_nuxt/components/feedback/FeedbackButton.vue?t=1775330263464:82
[   55842ms] [LOG] Proxy(Object) @ http://localhost:3000/_nuxt/components/feedback/FeedbackButton.vue?t=1775330263464:70
[   55843ms] [WARNING] [Vue Router warn]: No match found for location with path "/auth" @ http://localhost:3000/_nuxt/components/feedback/FeedbackButton.vue?t=1775330263464:82
[   55843ms] [WARNING] [Vue Router warn]: No match found for location with path "/auth" @ http://localhost:3000/_nuxt/components/feedback/FeedbackButton.vue?t=1775330263464:82
[   55843ms] [LOG] Proxy(Object) @ http://localhost:3000/_nuxt/components/feedback/FeedbackButton.vue?t=1775330263464:70
[   55843ms] [WARNING] [Vue Router warn]: No match found for location with path "/auth" @ http://localhost:3000/_nuxt/components/feedback/FeedbackButton.vue?t=1775330263464:82
[   55843ms] [WARNING] [Vue Router warn]: No match found for location with path "/auth" @ http://localhost:3000/_nuxt/components/feedback/FeedbackButton.vue?t=1775330263464:82
[   55843ms] [LOG] Proxy(Object) @ http://localhost:3000/_nuxt/components/feedback/FeedbackButton.vue?t=1775330263464:70
[   55843ms] [WARNING] [Vue Router warn]: No match found for location with path "/auth" @ http://localhost:3000/_nuxt/components/feedback/FeedbackButton.vue?t=1775330263464:82
[   55843ms] [WARNING] [Vue Router warn]: No match found for location with path "/auth" @ http://localhost:3000/_nuxt/components/feedback/FeedbackButton.vue?t=1775330263464:82
[   55843ms] [LOG] Proxy(Object) @ http://localhost:3000/_nuxt/components/feedback/FeedbackButton.vue?t=1775330263464:70
[   55844ms] [WARNING] [Vue Router warn]: No match found for location with path "/auth" @ http://localhost:3000/_nuxt/components/feedback/FeedbackButton.vue?t=1775330263464:82
[   55844ms] [WARNING] [Vue Router warn]: No match found for location with path "/auth" @ http://localhost:3000/_nuxt/components/feedback/FeedbackButton.vue?t=1775330263464:82
[   55844ms] [LOG] Proxy(Object) @ http://localhost:3000/_nuxt/components/feedback/FeedbackButton.vue?t=1775330263464:70
[   55844ms] [WARNING] [Vue Router warn]: No match found for location with path "/auth" @ http://localhost:3000/_nuxt/components/feedback/FeedbackButton.vue?t=1775330263464:82
[   55844ms] [WARNING] [Vue Router warn]: No match found for location with path "/auth" @ http://localhost:3000/_nuxt/components/feedback/FeedbackButton.vue?t=1775330263464:82
[   55844ms] [LOG] Proxy(Object) @ http://localhost:3000/_nuxt/components/feedback/FeedbackButton.vue?t=1775330263464:70
[   55844ms] [WARNING] [Vue Router warn]: No match found for location with path "/auth" @ http://localhost:3000/_nuxt/components/feedback/FeedbackButton.vue?t=1775330263464:82
[   55844ms] [WARNING] [Vue Router warn]: No match found for location with path "/auth" @ http://localhost:3000/_nuxt/components/feedback/FeedbackButton.vue?t=1775330263464:82
[   55844ms] [LOG] Proxy(Object) @ http://localhost:3000/_nuxt/components/feedback/FeedbackButton.vue?t=1775330263464:70
[   55845ms] [WARNING] [Vue Router warn]: No match found for location with path "/auth" @ http://localhost:3000/_nuxt/components/feedback/FeedbackButton.vue?t=1775330263464:82
[   55845ms] [WARNING] [Vue Router warn]: No match found for location with path "/auth" @ http://localhost:3000/_nuxt/components/feedback/FeedbackButton.vue?t=1775330263464:82
[   55845ms] [LOG] Proxy(Object) @ http://localhost:3000/_nuxt/components/feedback/FeedbackButton.vue?t=1775330263464:70
[   55845ms] [WARNING] [Vue Router warn]: No match found for location with path "/auth" @ http://localhost:3000/_nuxt/components/feedback/FeedbackButton.vue?t=1775330263464:82
[   55845ms] [WARNING] [Vue Router warn]: No match found for location with path "/auth" @ http://localhost:3000/_nuxt/components/feedback/FeedbackButton.vue?t=1775330263464:82
[   55845ms] [LOG] Proxy(Object) @ http://localhost:3000/_nuxt/components/feedback/FeedbackButton.vue?t=1775330263464:70
[   55845ms] [WARNING] [Vue Router warn]: No match found for location with path "/auth" @ http://localhost:3000/_nuxt/components/feedback/FeedbackButton.vue?t=1775330263464:82
[   55845ms] [WARNING] [Vue Router warn]: No match found for location with path "/auth" @ http://localhost:3000/_nuxt/components/feedback/FeedbackButton.vue?t=1775330263464:82
[   55846ms] [LOG] Proxy(Object) @ http://localhost:3000/_nuxt/components/feedback/FeedbackButton.vue?t=1775330263464:70
[   55846ms] [WARNING] [Vue Router warn]: No match found for location with path "/auth" @ http://localhost:3000/_nuxt/components/feedback/FeedbackButton.vue?t=1775330263464:82
[   55846ms] [WARNING] [Vue Router warn]: No match found for location with path "/auth" @ http://localhost:3000/_nuxt/components/feedback/FeedbackButton.vue?t=1775330263464:82
[   55846ms] [LOG] Proxy(Object) @ http://localhost:3000/_nuxt/components/feedback/FeedbackButton.vue?t=1775330263464:70
[   55846ms] [WARNING] [Vue Router warn]: No match found for location with path "/auth" @ http://localhost:3000/_nuxt/components/feedback/FeedbackButton.vue?t=1775330263464:82
[   55846ms] [WARNING] [Vue Router warn]: No match found for location with path "/auth" @ http://localhost:3000/_nuxt/components/feedback/FeedbackButton.vue?t=1775330263464:82
[   55846ms] [LOG] Proxy(Object) @ http://localhost:3000/_nuxt/components/feedback/FeedbackButton.vue?t=1775330263464:70
[   55846ms] [WARNING] [Vue Router warn]: No match found for location with path "/auth" @ http://localhost:3000/_nuxt/components/feedback/FeedbackButton.vue?t=1775330263464:82
[   55847ms] [WARNING] [Vue Router warn]: No match found for location with path "/auth" @ http://localhost:3000/_nuxt/components/feedback/FeedbackButton.vue?t=1775330263464:82
[   55847ms] [LOG] Proxy(Object) @ http://localhost:3000/_nuxt/components/feedback/FeedbackButton.vue?t=1775330263464:70
[   55847ms] [WARNING] [Vue Router warn]: No match found for location with path "/auth" @ http://localhost:3000/_nuxt/components/feedback/FeedbackButton.vue?t=1775330263464:82
[   55847ms] [WARNING] [Vue Router warn]: No match found for location with path "/auth" @ http://localhost:3000/_nuxt/components/feedback/FeedbackButton.vue?t=1775330263464:82
[   55847ms] [LOG] Proxy(Object) @ http://localhost:3000/_nuxt/components/feedback/FeedbackButton.vue?t=1775330263464:70
[   55847ms] [WARNING] [Vue Router warn]: No match found for location with path "/auth" @ http://localhost:3000/_nuxt/components/feedback/FeedbackButton.vue?t=1775330263464:82
[   55847ms] [WARNING] [Vue Router warn]: No match found for location with path "/auth" @ http://localhost:3000/_nuxt/components/feedback/FeedbackButton.vue?t=1775330263464:82
[   55847ms] [LOG] Proxy(Object) @ http://localhost:3000/_nuxt/components/feedback/FeedbackButton.vue?t=1775330263464:70
[   55847ms] [WARNING] [Vue Router warn]: No match found for location with path "/auth" @ http://localhost:3000/_nuxt/components/feedback/FeedbackButton.vue?t=1775330263464:82
[   55848ms] [WARNING] [Vue Router warn]: No match found for location with path "/auth" @ http://localhost:3000/_nuxt/components/feedback/FeedbackButton.vue?t=1775330263464:82
[   55848ms] [LOG] Proxy(Object) @ http://localhost:3000/_nuxt/components/feedback/FeedbackButton.vue?t=1775330263464:70
[   55848ms] [WARNING] [Vue Router warn]: No match found for location with path "/auth" @ http://localhost:3000/_nuxt/components/feedback/FeedbackButton.vue?t=1775330263464:82
[   55848ms] [WARNING] [Vue Router warn]: No match found for location with path "/auth" @ http://localhost:3000/_nuxt/components/feedback/FeedbackButton.vue?t=1775330263464:82
[   55848ms] [LOG] Proxy(Object) @ http://localhost:3000/_nuxt/components/feedback/FeedbackButton.vue?t=1775330263464:70
[   55848ms] [WARNING] [Vue Router warn]: No match found for location with path "/auth" @ http://localhost:3000/_nuxt/components/feedback/FeedbackButton.vue?t=1775330263464:82
[   55848ms] [WARNING] [Vue Router warn]: No match found for location with path "/auth" @ http://localhost:3000/_nuxt/components/feedback/FeedbackButton.vue?t=1775330263464:82
[   55848ms] [LOG] Proxy(Object) @ http://localhost:3000/_nuxt/components/feedback/FeedbackButton.vue?t=1775330263464:70
[   55848ms] [WARNING] [Vue Router warn]: No match found for location with path "/auth" @ http://localhost:3000/_nuxt/components/feedback/FeedbackButton.vue?t=1775330263464:82
[   55848ms] [WARNING] [Vue Router warn]: No match found for location with path "/auth" @ http://localhost:3000/_nuxt/components/feedback/FeedbackButton.vue?t=1775330263464:82
[   55849ms] [LOG] Proxy(Object) @ http://localhost:3000/_nuxt/components/feedback/FeedbackButton.vue?t=1775330263464:70
[   55849ms] [WARNING] [Vue Router warn]: No match found for location with path "/auth" @ http://localhost:3000/_nuxt/components/feedback/FeedbackButton.vue?t=1775330263464:82
[   55849ms] [WARNING] [Vue Router warn]: No match found for location with path "/auth" @ http://localhost:3000/_nuxt/components/feedback/FeedbackButton.vue?t=1775330263464:82
[   55849ms] [LOG] Proxy(Object) @ http://localhost:3000/_nuxt/components/feedback/FeedbackButton.vue?t=1775330263464:70
[   55849ms] [WARNING] [Vue Router warn]: No match found for location with path "/auth" @ http://localhost:3000/_nuxt/components/feedback/FeedbackButton.vue?t=1775330263464:82
[   55849ms] [WARNING] [Vue Router warn]: No match found for location with path "/auth" @ http://localhost:3000/_nuxt/components/feedback/FeedbackButton.vue?t=1775330263464:82
[   55849ms] [LOG] Proxy(Object) @ http://localhost:3000/_nuxt/components/feedback/FeedbackButton.vue?t=1775330263464:70
[   55849ms] [WARNING] [Vue Router warn]: No match found for location with path "/auth" @ http://localhost:3000/_nuxt/components/feedback/FeedbackButton.vue?t=1775330263464:82
[   55849ms] [WARNING] [Vue Router warn]: No match found for location with path "/auth" @ http://localhost:3000/_nuxt/components/feedback/FeedbackButton.vue?t=1775330263464:82
[   55850ms] [LOG] Proxy(Object) @ http://localhost:3000/_nuxt/components/feedback/FeedbackButton.vue?t=1775330263464:70
[   55850ms] [WARNING] [Vue Router warn]: No match found for location with path "/auth" @ http://localhost:3000/_nuxt/components/feedback/FeedbackButton.vue?t=1775330263464:82
[   55850ms] [WARNING] [Vue Router warn]: No match found for location with path "/auth" @ http://localhost:3000/_nuxt/components/feedback/FeedbackButton.vue?t=1775330263464:82
[   55850ms] [LOG] Proxy(Object) @ http://localhost:3000/_nuxt/components/feedback/FeedbackButton.vue?t=1775330263464:70
[   55850ms] [WARNING] [Vue Router warn]: No match found for location with path "/auth" @ http://localhost:3000/_nuxt/components/feedback/FeedbackButton.vue?t=1775330263464:82
[   55850ms] [WARNING] [Vue Router warn]: No match found for location with path "/auth" @ http://localhost:3000/_nuxt/components/feedback/FeedbackButton.vue?t=1775330263464:82
[   55850ms] [LOG] Proxy(Object) @ http://localhost:3000/_nuxt/components/feedback/FeedbackButton.vue?t=1775330263464:70
[   55850ms] [WARNING] [Vue Router warn]: No match found for location with path "/auth" @ http://localhost:3000/_nuxt/components/feedback/FeedbackButton.vue?t=1775330263464:82
[   55851ms] [WARNING] [Vue Router warn]: No match found for location with path "/auth" @ http://localhost:3000/_nuxt/components/feedback/FeedbackButton.vue?t=1775330263464:82
[   55851ms] [LOG] Proxy(Object) @ http://localhost:3000/_nuxt/components/feedback/FeedbackButton.vue?t=1775330263464:70
[   55851ms] [WARNING] [Vue Router warn]: No match found for location with path "/auth" @ http://localhost:3000/_nuxt/components/feedback/FeedbackButton.vue?t=1775330263464:82
[   55851ms] [WARNING] [Vue Router warn]: No match found for location with path "/auth" @ http://localhost:3000/_nuxt/components/feedback/FeedbackButton.vue?t=1775330263464:82
[   55851ms] [LOG] Proxy(Object) @ http://localhost:3000/_nuxt/components/feedback/FeedbackButton.vue?t=1775330263464:70
[   55851ms] [WARNING] [Vue Router warn]: No match found for location with path "/auth" @ http://localhost:3000/_nuxt/components/feedback/FeedbackButton.vue?t=1775330263464:82
[   55851ms] [WARNING] [Vue Router warn]: No match found for location with path "/auth" @ http://localhost:3000/_nuxt/components/feedback/FeedbackButton.vue?t=1775330263464:82
[   55851ms] [LOG] Proxy(Object) @ http://localhost:3000/_nuxt/components/feedback/FeedbackButton.vue?t=1775330263464:70
[   55851ms] [WARNING] [Vue Router warn]: No match found for location with path "/auth" @ http://localhost:3000/_nuxt/components/feedback/FeedbackButton.vue?t=1775330263464:82
[   55851ms] [WARNING] [Vue Router warn]: No match found for location with path "/auth" @ http://localhost:3000/_nuxt/components/feedback/FeedbackButton.vue?t=1775330263464:82
[   55852ms] [LOG] Proxy(Object) @ http://localhost:3000/_nuxt/components/feedback/FeedbackButton.vue?t=1775330263464:70
[   55852ms] [WARNING] [Vue Router warn]: No match found for location with path "/auth" @ http://localhost:3000/_nuxt/components/feedback/FeedbackButton.vue?t=1775330263464:82
[   55852ms] [WARNING] [Vue Router warn]: No match found for location with path "/auth" @ http://localhost:3000/_nuxt/components/feedback/FeedbackButton.vue?t=1775330263464:82
[   55852ms] [LOG] Proxy(Object) @ http://localhost:3000/_nuxt/components/feedback/FeedbackButton.vue?t=1775330263464:70
[   55852ms] [WARNING] [Vue warn]: Unhandled error during execution of app errorHandler @ http://localhost:3000/_nuxt/components/feedback/FeedbackButton.vue?t=1775330263464:82
[   55876ms] Maximum recursive updates exceeded in component <CommonAppBreadcrumbs>. This means you have a reactive effect that is mutating its own dependencies and thus recursively triggering itself. Possible sources include component template, render function, updated hook or watcher source function.
[  251241ms] [LOG] Proxy(Object) @ http://localhost:3000/_nuxt/utils/api/aiProviders/index.ts?t=1775330263464:22
[  251275ms] [LOG] Loading AI integrations from user settings: Proxy(Array) @ http://localhost:3000/_nuxt/pages/auth/profile.vue?t=1775330333052:132
